{"message":"Bookmark with id undefined not found.","level":"error"}
{"message":"Bookmark with id undefined not found.","level":"error"}
{"message":"Bookmark with id undefined not found.","level":"error"}
{"message":"Bookmark with id undefined not found.","level":"error"}
{"message":"Bookmark with id undefined not found.","level":"error"}
{"message":"Bookmark with id undefined not found.","level":"error"}
{"message":"Bookmark with id undefined not found.","level":"error"}
{"message":"Bookmark with id undefined not found.","level":"error"}
{"message":"Bookmark with id undefined not found.","level":"error"}
{"message":"Bookmark with id undefined not found.","level":"error"}
{"message":"Bookmark with id undefined not found.","level":"error"}
{"message":"Unauthorized request to path: /","level":"error"}
{"message":"Unauthorized request to path: /","level":"error"}
{"message":"Unauthorized request to path: /","level":"error"}
{"message":"Unauthorized request to path: /bookmark","level":"error"}
{"message":"Unauthorized request to path: /bookmark/1","level":"error"}
{"message":"Bookmark with id undefined not found.","level":"error"}
{"message":"Unauthorized request to path: /","level":"error"}
{"message":"Unauthorized request to path: /bookmark/1","level":"error"}
{"message":"Bookmark with id undefined not found.","level":"error"}
{"message":"Unauthorized request to path: /bookmark/1","level":"error"}
{"message":"Bookmark with id undefined not found.","level":"error"}
{"message":"Unauthorized request to path: /bookmark/1","level":"error"}
{"message":"Bookmark with id undefined not found.","level":"error"}
{"message":"Unauthorized request to path: /bookmark/","level":"error"}
{"message":"Unauthorized request to path: /bookmark/1","level":"error"}
{"message":"Bookmark with id undefined not found.","level":"error"}
{"message":"Unauthorized request to path: /bookmark/1","level":"error"}
{"message":"Bookmark with id undefined not found.","level":"error"}
{"message":"Unauthorized request to path: /bookmark/1","level":"error"}
{"message":"Bookmark with id undefined not found.","level":"error"}
{"message":"Unauthorized request to path: /bookmark/","level":"error"}
{"message":"Unauthorized request to path: /bookmark/","level":"error"}
{"message":"Unauthorized request to path: /bookmark/9e8b2696-7a02-4b6a-af29-8b46a4a14f98","level":"error"}
{"message":"Bookmark with id undefined not found.","level":"error"}
{"message":"Unauthorized request to path: /bookmark/9e8b2696-7a02-4b6a-af29-8b46a4a14f98","level":"error"}
{"message":"Bookmark with id undefined not found.","level":"error"}
{"message":"Unauthorized request to path: /bookmark/9e8b2696-7a02-4b6a-af29-8b46a4a14f98","level":"error"}
{"message":"Bookmark with id undefined not found.","level":"error"}
{"message":"Unauthorized request to path: /bookmark/9e8b2696-7a02-4b6a-af29-8b46a4a14f98","level":"error"}
{"message":"Bookmark with id undefined not found.","level":"error"}
{"message":"Unauthorized request to path: /bookmark/9e8b2696-7a02-4b6a-af29-8b46a4a14f98","level":"error"}
{"message":"Bookmark with id 9e8b2696-7a02-4b6a-af29-8b46a4a14f98 not found.","level":"error"}
{"message":"Unauthorized request to path: /bookmark/9e8b2696-7a02-4b6a-af29-8b46a4a14f98","level":"error"}
{"message":"Bookmark with id 9e8b2696-7a02-4b6a-af29-8b46a4a14f98 not found.","level":"error"}
{"message":"Unauthorized request to path: /bookmark/9e8b2696-7a02-4b6a-af29-8b46a4a14f98","level":"error"}
{"message":"Unauthorized request to path: /bookmark/9e8b2696-7a02-4b6a-af29-8b46a4a14f98","level":"error"}
{"message":"Bookmark with id 9e8b2696-7a02-4b6a-af29-8b46a4a14f98 not found.","level":"error"}
{"message":"Unauthorized request to path: /bookmark/9e8b2696-7a02-4b6a-af29-8b46a4a14f98","level":"error"}
{"message":"Bookmark with id 9e8b2696-7a02-4b6a-af29-8b46a4a14f98 not found.","level":"error"}
{"message":"Unauthorized request to path: /bookmark/","level":"error"}
{"message":"Unauthorized request to path: /bookmark/1de16641-04e6-47cc-8a03-ed5ac254459c","level":"error"}
{"message":"Unauthorized request to path: /bookmark","level":"error"}
{"message":"Unauthorized request to path: /bookmark/6894ed6c-f76f-4b1b-a3d3-8fb068fe75f4","level":"error"}
{"message":"Unauthorized request to path: /bookmark/","level":"error"}
{"message":"title is required","level":"error"}
{"message":"Unauthorized request to path: /bookmark/","level":"error"}
{"message":"title is required","level":"error"}
{"message":"Unauthorized request to path: /bookmark/","level":"error"}
{"message":"title is required","level":"error"}
{"message":"Unauthorized request to path: /bookmark/","level":"error"}
{"message":"Unauthorized request to path: /bookmark/","level":"error"}
{"message":"Unauthorized request to path: /bookmark","level":"error"}
{"message":"Unauthorized request to path: /bookmark","level":"error"}
{"message":"title is required","level":"error"}
{"message":"Unauthorized request to path: /bookmark","level":"error"}
{"message":"Unauthorized request to path: /bookmark","level":"error"}
{"message":"Invalid rating '7","level":"error"}
{"message":"Unauthorized request to path: /bookmark","level":"error"}
{"message":"Invalid rating '5","level":"error"}
{"message":"Unauthorized request to path: /bookmark","level":"error"}
{"message":"Invalid rating '5","level":"error"}
{"message":"Unauthorized request to path: /bookmark","level":"error"}
{"message":"Invalid rating '5","level":"error"}
{"message":"Unauthorized request to path: /bookmark","level":"error"}
{"message":"Unauthorized request to path: /bookmark","level":"error"}
{"message":"Bookmark with id b1ce367e-f032-46e4-829e-f69873c2d9be created","level":"info"}
{"message":"Unauthorized request to path: /bookmark","level":"error"}
{"message":"Unauthorized request to path: /bookmark","level":"error"}
{"message":"Unauthorized request to path: /bookmark/b1ce367e-f032-46e4-829e-f69873c2d9be","level":"error"}
{"message":"Unauthorized request to path: /bookmark/b1ce367e-f032-46e4-829e-f69873c2d9be","level":"error"}
{"message":"Unauthorized request to path: /bookmark/b1ce367e-f032-46e4-829e-f69873c2d9be","level":"error"}
{"message":"Bookmark with id b1ce367e-f032-46e4-829e-f69873c2d9be not found.","level":"error"}
{"message":"Unauthorized request to path: /bookmark/","level":"error"}
{"message":"Unauthorized request to path: /bookmark/","level":"error"}
{"message":"Bookmark with id 42db23ee-8f07-4433-a1eb-da014794c8a7 created","level":"info"}
{"message":"Unauthorized request to path: /bookmark/","level":"error"}
{"message":"Unauthorized request to path: /bookmark/42db23ee-8f07-4433-a1eb-da014794c8a7","level":"error"}
{"message":"Unauthorized request to path: /bookmark/42db23ee-8f07-4433-a1eb-da014794c8a7","level":"error"}
{"message":"Bookmark with id 42db23ee-8f07-4433-a1eb-da014794c8a7 deleted.","level":"info"}
{"message":"Unauthorized request to path: /bookmark","level":"error"}
